TN:
SF:src/App.tsx
FN:3,App
FNF:1
FNH:1
FNDA:1,App
DA:1,1
DA:3,1
DA:4,1
DA:5,1
DA:6,1
DA:7,1
DA:8,1
DA:9,1
DA:10,1
DA:11,1
DA:12,1
DA:13,1
DA:14,1
DA:15,1
DA:17,1
LF:15
LH:15
BRDA:3,0,0,1
BRF:1
BRH:1
end_of_record
TN:
SF:src/api/ApiError.ts
FN:2,<instance_members_initializer>
FN:5,ApiError
FN:14,NetworkError
FN:21,ProtocolError
FN:27,toDisplayError
FNF:5
FNH:5
FNDA:8,<instance_members_initializer>
FNDA:8,ApiError
FNDA:2,NetworkError
FNDA:2,ProtocolError
FNDA:4,toDisplayError
DA:1,1
DA:2,1
DA:3,8
DA:5,1
DA:6,8
DA:7,8
DA:8,8
DA:9,8
DA:10,8
DA:11,1
DA:13,1
DA:14,1
DA:15,2
DA:16,2
DA:17,2
DA:18,1
DA:20,1
DA:21,1
DA:22,2
DA:23,2
DA:24,2
DA:25,1
DA:27,1
DA:28,4
DA:29,4
DA:30,1
DA:31,0
DA:32,4
DA:33,4
DA:34,4
DA:35,0
DA:36,0
LF:32
LH:29
BRDA:2,0,0,8
BRDA:5,1,0,8
BRDA:14,2,0,2
BRDA:21,3,0,2
BRDA:27,4,0,4
BRDA:29,5,0,1
BRDA:30,6,0,0
BRDA:34,7,0,0
BRF:8
BRH:6
end_of_record
TN:
SF:src/api/client.ts
FN:6,resolveBaseUrl
FN:12,isRecord
FN:16,parseErrorBody
FN:26,parseSuccessBody
FN:33,calculate
FNF:5
FNH:5
FNDA:21,resolveBaseUrl
FNDA:25,isRecord
FNDA:8,parseErrorBody
FNDA:17,parseSuccessBody
FNDA:29,calculate
DA:1,1
DA:4,1
DA:6,1
DA:7,21
DA:8,21
DA:9,21
DA:10,21
DA:12,25
DA:13,25
DA:14,25
DA:16,8
DA:17,8
DA:18,7
DA:19,7
DA:20,7
DA:21,7
DA:22,7
DA:23,1
DA:24,1
DA:26,17
DA:27,17
DA:28,15
DA:29,15
DA:30,2
DA:31,2
DA:33,29
DA:34,29
DA:35,29
DA:36,29
DA:37,29
DA:38,29
DA:39,29
DA:40,29
DA:41,29
DA:42,29
DA:44,29
DA:45,29
DA:46,29
DA:47,29
DA:48,29
DA:49,29
DA:50,29
DA:51,29
DA:52,3
DA:53,1
DA:54,1
DA:55,2
DA:56,2
DA:58,25
DA:59,25
DA:60,25
DA:61,29
DA:62,1
DA:63,1
DA:65,29
DA:66,8
DA:67,8
DA:68,8
DA:70,17
DA:71,17
LF:60
LH:60
BRDA:6,0,0,21
BRDA:8,1,0,3
BRDA:8,2,0,2
BRDA:8,3,0,19
BRDA:9,4,0,2
BRDA:9,5,0,19
BRDA:12,6,0,25
BRDA:16,7,0,8
BRDA:17,8,0,7
BRDA:17,9,0,7
BRDA:17,10,0,7
BRDA:20,11,0,4
BRDA:20,12,0,3
BRDA:22,13,0,1
BRDA:26,14,0,17
BRDA:27,15,0,16
BRDA:27,16,0,15
BRDA:29,17,0,2
BRDA:33,18,0,29
BRDA:37,19,0,17
BRDA:50,20,0,25
BRDA:51,21,0,3
BRDA:52,22,0,2
BRDA:52,23,0,2
BRDA:52,24,0,2
BRDA:52,25,0,1
BRDA:56,26,0,27
BRDA:56,27,0,25
BRDA:60,28,0,24
BRDA:61,29,0,1
BRDA:63,30,0,25
BRDA:65,31,0,22
BRDA:65,32,0,8
BRDA:68,33,0,17
BRF:34
BRH:34
end_of_record
TN:
SF:src/api/types.ts
FN:36,isUnary
FNF:1
FNH:1
FNDA:27,isUnary
DA:9,1
DA:10,1
DA:11,1
DA:12,1
DA:13,1
DA:14,1
DA:15,1
DA:16,1
DA:17,1
DA:36,1
DA:37,27
DA:38,27
LF:12
LH:12
BRDA:36,0,0,27
BRF:1
BRH:1
end_of_record
TN:
SF:src/components/Calculator.tsx
FN:22,useFitText
FN:78,Calculator
FN:94,then.dispatch.type
FN:118,onKeyDown
FN:192,onClick
FNF:5
FNH:5
FNDA:480,useFitText
FNDA:240,Calculator
FNDA:12,then.dispatch.type
FNDA:14,onKeyDown
FNDA:75,onClick
DA:1,1
DA:2,1
DA:3,1
DA:4,1
DA:5,1
DA:18,1
DA:20,1
DA:22,480
DA:23,480
DA:24,480
DA:25,480
DA:27,480
DA:28,162
DA:29,162
DA:30,162
DA:32,162
DA:33,162
DA:34,162
DA:35,162
DA:37,162
DA:38,162
DA:39,162
DA:40,162
DA:42,0
DA:43,0
DA:44,0
DA:45,0
DA:46,0
DA:47,0
DA:48,0
DA:49,0
DA:51,0
DA:52,480
DA:54,480
DA:55,162
DA:56,480
DA:58,480
DA:59,50
DA:60,50
DA:62,50
DA:63,50
DA:64,0
DA:65,0
DA:66,50
DA:67,50
DA:69,50
DA:70,50
DA:71,50
DA:72,50
DA:73,480
DA:75,480
DA:76,480
DA:78,240
DA:79,240
DA:80,240
DA:82,240
DA:84,240
DA:86,240
DA:87,59
DA:88,59
DA:90,17
DA:91,17
DA:93,17
DA:94,17
DA:95,12
DA:96,12
DA:97,12
DA:98,17
DA:99,4
DA:100,4
DA:101,4
DA:102,17
DA:104,17
DA:105,17
DA:106,17
DA:107,17
DA:108,240
DA:110,240
DA:111,240
DA:112,25
DA:113,25
DA:114,240
DA:115,240
DA:117,240
DA:118,25
DA:119,14
DA:120,14
DA:121,14
DA:123,14
DA:124,14
DA:126,14
DA:127,14
DA:128,14
DA:129,14
DA:131,25
DA:132,25
DA:133,240
DA:135,240
DA:136,240
DA:137,240
DA:138,240
DA:140,240
DA:142,240
DA:143,240
DA:144,240
DA:145,240
DA:146,240
DA:147,240
DA:148,240
DA:150,240
DA:151,240
DA:152,240
DA:153,240
DA:155,240
DA:156,240
DA:157,240
DA:158,240
DA:160,240
DA:161,240
DA:162,240
DA:163,240
DA:164,240
DA:165,240
DA:166,240
DA:168,240
DA:169,240
DA:170,240
DA:171,240
DA:172,240
DA:174,240
DA:175,240
DA:176,5040
DA:177,5040
DA:178,5040
DA:180,5040
DA:181,5040
DA:182,5040
DA:183,5040
DA:184,5040
DA:185,5040
DA:186,5040
DA:187,5040
DA:188,5040
DA:189,5040
DA:190,5040
DA:191,5040
DA:192,5040
DA:194,5040
DA:195,5040
DA:197,240
DA:198,240
DA:200,240
DA:201,8
DA:202,8
DA:203,8
DA:204,232
DA:205,240
DA:208,240
LF:158
LH:147
BRDA:22,0,0,480
BRDA:27,1,0,162
BRDA:30,2,0,0
BRDA:37,3,0,0
BRDA:37,4,0,0
BRDA:40,5,0,0
BRDA:54,6,0,162
BRDA:58,7,0,50
BRDA:60,8,0,0
BRDA:69,9,0,50
BRDA:78,10,0,240
BRDA:143,11,0,206
BRDA:200,12,0,8
BRDA:203,13,0,232
BRDA:86,14,0,59
BRDA:88,15,0,42
BRDA:88,16,0,17
BRDA:94,17,0,12
BRDA:95,18,0,0
BRDA:98,19,0,4
BRDA:99,20,0,0
BRDA:104,21,0,17
BRDA:111,22,0,25
BRDA:111,23,0,25
BRDA:112,24,0,3
BRDA:117,25,0,25
BRDA:118,26,0,14
BRDA:119,27,0,0
BRDA:121,28,0,0
BRDA:127,29,0,11
BRDA:132,30,0,25
BRDA:175,31,0,5040
BRDA:177,32,0,1680
BRDA:178,33,0,1680
BRDA:186,34,0,4320
BRDA:187,35,0,4972
BRDA:188,36,0,5011
BRDA:189,37,0,240
BRDA:189,38,0,4800
BRDA:190,39,0,1200
BRDA:190,40,0,3840
BRDA:191,41,0,714
BRDA:194,42,0,240
BRDA:194,43,0,4800
BRDA:192,44,0,75
BRF:45
BRH:36
end_of_record
TN:
SF:src/lib/calculator.ts
FN:61,interrupts
FN:65,reduce
FN:88,currentValue
FN:97,numberToDisplay
FN:110,countDigits
FN:114,inputDigit
FN:124,inputDot
FN:133,backspace
FN:143,clear
FN:156,negate
FN:165,chooseOperation
FN:191,equals
FN:222,applyResult
FN:240,applyError
FN:255,formatDisplay
FN:266,formatValue
FN:271,formatExpression
FN:280,applyUnary
FN:291,inputLine
FN:303,historyLine
FN:310,armedOperation
FN:314,clearLabel
FN:318,clearAriaLabel
FN:325,fitFontSize
FNF:24
FNH:24
FNDA:722,interrupts
FNDA:138,reduce
FNDA:82,currentValue
FNDA:226,numberToDisplay
FNDA:53,countDigits
FNDA:156,inputDigit
FNDA:3,inputDot
FNDA:3,backspace
FNDA:12,clear
FNDA:6,negate
FNDA:45,chooseOperation
FNDA:30,equals
FNDA:26,applyResult
FNDA:8,applyError
FNDA:594,formatDisplay
FNDA:196,formatValue
FNDA:39,formatExpression
FNDA:10,applyUnary
FNDA:250,inputLine
FNDA:250,historyLine
FNDA:240,armedOperation
FNDA:240,clearLabel
FNDA:240,clearAriaLabel
FNDA:7,fitFontSize
DA:1,1
DA:4,1
DA:25,1
DA:26,1
DA:27,1
DA:28,1
DA:29,1
DA:30,1
DA:31,1
DA:32,1
DA:33,1
DA:34,1
DA:35,1
DA:36,1
DA:61,1
DA:62,722
DA:63,722
DA:65,1
DA:66,138
DA:67,138
DA:68,138
DA:70,115
DA:71,138
DA:72,60
DA:73,138
DA:74,0
DA:75,138
DA:76,2
DA:77,138
DA:78,1
DA:79,138
DA:80,6
DA:81,138
DA:82,19
DA:83,138
DA:84,27
DA:85,138
DA:86,138
DA:88,1
DA:89,82
DA:90,82
DA:91,82
DA:93,1
DA:95,1
DA:97,1
DA:98,226
DA:100,224
DA:101,226
DA:102,213
DA:103,11
DA:105,226
DA:107,6
DA:108,6
DA:110,53
DA:111,53
DA:112,53
DA:114,1
DA:115,156
DA:116,156
DA:117,102
DA:118,102
DA:119,156
DA:120,156
DA:121,156
DA:122,156
DA:124,1
DA:125,3
DA:126,3
DA:127,1
DA:128,1
DA:129,3
DA:130,1
DA:131,1
DA:133,1
DA:134,3
DA:135,3
DA:136,3
DA:137,3
DA:138,1
DA:139,1
DA:140,2
DA:141,2
DA:143,1
DA:144,12
DA:145,6
DA:146,6
DA:147,6
DA:148,6
DA:149,6
DA:150,6
DA:151,6
DA:152,6
DA:153,6
DA:154,6
DA:156,1
DA:157,6
DA:158,6
DA:159,5
DA:160,1
DA:161,4
DA:162,6
DA:163,6
DA:165,1
DA:166,45
DA:168,45
DA:169,3
DA:170,3
DA:171,3
DA:172,3
DA:173,3
DA:174,3
DA:175,3
DA:176,3
DA:177,3
DA:178,3
DA:179,3
DA:180,3
DA:182,42
DA:183,42
DA:184,42
DA:185,42
DA:186,42
DA:187,42
DA:188,42
DA:189,42
DA:191,1
DA:192,30
DA:194,30
DA:195,27
DA:196,27
DA:197,27
DA:198,27
DA:199,27
DA:200,27
DA:201,27
DA:202,27
DA:203,27
DA:204,27
DA:205,27
DA:207,30
DA:208,1
DA:209,1
DA:210,1
DA:211,1
DA:212,1
DA:213,1
DA:214,1
DA:215,1
DA:216,1
DA:217,1
DA:219,1
DA:220,1
DA:222,1
DA:223,26
DA:224,26
DA:226,26
DA:227,26
DA:228,26
DA:229,26
DA:230,26
DA:231,26
DA:232,26
DA:233,26
DA:234,26
DA:235,4
DA:236,22
DA:237,26
DA:238,26
DA:240,1
DA:241,8
DA:242,8
DA:243,8
DA:244,8
DA:245,8
DA:246,8
DA:247,8
DA:248,8
DA:249,8
DA:250,8
DA:251,8
DA:252,8
DA:253,8
DA:255,1
DA:256,594
DA:258,593
DA:259,594
DA:260,594
DA:261,594
DA:262,594
DA:263,594
DA:264,594
DA:266,1
DA:267,196
DA:268,196
DA:271,1
DA:272,39
DA:273,39
DA:275,39
DA:276,39
DA:277,32
DA:278,32
DA:280,1
DA:281,10
DA:283,9
DA:284,9
DA:285,9
DA:286,9
DA:287,9
DA:288,9
DA:289,9
DA:291,1
DA:292,250
DA:294,250
DA:295,105
DA:296,105
DA:297,105
DA:298,105
DA:300,136
DA:301,136
DA:303,1
DA:304,250
DA:306,36
DA:307,36
DA:308,36
DA:310,1
DA:311,240
DA:312,240
DA:314,1
DA:315,240
DA:316,240
DA:318,1
DA:319,240
DA:320,240
DA:322,1
DA:323,1
DA:325,1
DA:326,7
DA:327,7
DA:328,7
DA:329,7
DA:330,7
DA:331,7
DA:332,7
DA:334,2
DA:335,2
DA:336,2
LF:246
LH:245
BRDA:61,0,0,722
BRDA:65,1,0,138
BRDA:66,2,0,14
BRDA:66,3,0,124
BRDA:67,4,0,5
BRDA:67,5,0,119
BRDA:68,6,0,6
BRDA:68,7,0,4
BRDA:68,8,0,115
BRDA:71,9,0,60
BRDA:73,10,0,0
BRDA:75,11,0,2
BRDA:77,12,0,1
BRDA:79,13,0,6
BRDA:81,14,0,19
BRDA:83,15,0,27
BRDA:84,16,0,4
BRDA:84,17,0,23
BRDA:88,18,0,82
BRDA:90,19,0,0
BRDA:97,20,0,226
BRDA:98,21,0,2
BRDA:98,22,0,224
BRDA:101,23,0,219
BRDA:101,24,0,213
BRDA:102,25,0,11
BRDA:105,26,0,218
BRDA:105,27,0,6
BRDA:110,28,0,53
BRDA:114,29,0,156
BRDA:115,30,0,1
BRDA:115,31,0,155
BRDA:116,32,0,102
BRDA:118,33,0,53
BRDA:119,34,0,4
BRDA:119,35,0,49
BRDA:120,36,0,0
BRDA:120,37,0,49
BRDA:124,38,0,3
BRDA:125,39,0,0
BRDA:126,40,0,1
BRDA:128,41,0,2
BRDA:129,42,0,1
BRDA:133,43,0,3
BRDA:134,44,0,0
BRDA:135,45,0,0
BRDA:137,46,0,2
BRDA:137,47,0,2
BRDA:137,48,0,1
BRDA:143,49,0,12
BRDA:144,50,0,6
BRDA:156,51,0,6
BRDA:157,52,0,0
BRDA:158,53,0,1
BRDA:158,54,0,5
BRDA:159,55,0,1
BRDA:160,56,0,4
BRDA:165,57,0,45
BRDA:166,58,0,0
BRDA:168,59,0,4
BRDA:168,60,0,4
BRDA:168,61,0,3
BRDA:180,62,0,42
BRDA:191,63,0,30
BRDA:192,64,0,1
BRDA:192,65,0,29
BRDA:194,66,0,27
BRDA:194,67,0,27
BRDA:205,68,0,16
BRDA:205,69,0,2
BRDA:207,70,0,1
BRDA:207,71,0,1
BRDA:222,72,0,26
BRDA:224,73,0,0
BRDA:234,74,0,4
BRDA:235,75,0,22
BRDA:240,76,0,8
BRDA:255,77,0,594
BRDA:256,78,0,1
BRDA:256,79,0,593
BRDA:259,80,0,16
BRDA:259,81,0,577
BRDA:262,82,0,571
BRDA:262,83,0,22
BRDA:263,84,0,16
BRDA:263,85,0,577
BRDA:266,86,0,196
BRDA:271,87,0,39
BRDA:275,88,0,4
BRDA:275,89,0,35
BRDA:276,90,0,3
BRDA:276,91,0,32
BRDA:280,92,0,10
BRDA:281,93,0,1
BRDA:281,94,0,9
BRDA:291,95,0,250
BRDA:292,96,0,9
BRDA:292,97,0,241
BRDA:294,98,0,105
BRDA:294,99,0,244
BRDA:294,100,0,105
BRDA:297,101,0,71
BRDA:297,102,0,34
BRDA:298,103,0,136
BRDA:303,104,0,250
BRDA:304,105,0,214
BRDA:304,106,0,36
BRDA:310,107,0,240
BRDA:311,108,0,100
BRDA:311,109,0,68
BRDA:311,110,0,172
BRDA:314,111,0,240
BRDA:315,112,0,107
BRDA:315,113,0,133
BRDA:318,114,0,240
BRDA:319,115,0,107
BRDA:319,116,0,133
BRDA:325,117,0,7
BRDA:331,118,0,6
BRDA:331,119,0,2
BRDA:331,120,0,5
BRDA:332,121,0,3
BRDA:332,122,0,2
BRF:123
BRH:114
end_of_record
TN:
SF:src/lib/keypad.ts
FN:16,digit
FNF:1
FNH:1
FNDA:20,digit
DA:16,20
DA:17,20
DA:18,20
DA:19,20
DA:20,20
DA:21,20
DA:22,20
DA:23,20
DA:24,20
DA:25,20
DA:26,20
DA:28,1
DA:29,1
DA:30,1
DA:31,1
DA:32,1
DA:33,1
DA:34,1
DA:35,1
DA:36,1
DA:37,1
DA:38,1
DA:39,1
DA:40,1
DA:41,1
DA:42,1
DA:43,1
DA:44,1
DA:45,1
DA:46,1
DA:47,1
DA:48,1
DA:49,1
DA:50,1
DA:51,1
DA:52,1
DA:53,1
DA:54,1
DA:55,1
DA:56,1
DA:57,1
DA:58,1
DA:59,1
DA:60,1
DA:61,1
DA:62,1
DA:63,1
DA:64,1
DA:65,1
DA:66,1
DA:67,1
DA:68,1
DA:69,1
DA:70,1
DA:71,1
DA:72,1
DA:73,1
DA:74,1
DA:75,1
DA:76,1
DA:77,1
DA:78,1
DA:79,1
DA:80,1
DA:81,1
DA:82,1
DA:83,1
DA:84,1
DA:85,1
DA:86,1
DA:87,1
DA:88,1
DA:89,1
DA:90,1
DA:91,1
DA:92,1
DA:93,1
DA:94,1
DA:95,1
DA:96,1
DA:97,1
DA:98,1
DA:99,1
DA:100,1
DA:101,1
DA:102,1
DA:103,1
DA:104,1
DA:105,1
DA:106,1
DA:107,1
DA:108,1
DA:109,1
DA:110,1
DA:111,1
DA:112,1
DA:113,1
DA:114,1
DA:115,1
DA:116,1
DA:117,1
DA:118,1
DA:119,1
DA:120,1
DA:121,1
DA:122,1
DA:123,1
DA:124,1
DA:125,1
DA:126,1
DA:127,1
DA:128,1
DA:129,1
DA:130,1
DA:131,1
DA:133,1
DA:135,1
DA:136,1
DA:137,1
LF:119
LH:119
BRDA:16,0,0,20
BRDA:133,1,0,44
BRDA:136,2,0,44
BRDA:136,3,0,2
BRDA:136,4,0,50
BRF:5
BRH:5
end_of_record
